<?xml version="1.0" encoding="UTF-8"?>
<!-- Generated by org.testng.reporters.JUnitXMLReporter -->
<testsuite hostname="DESKTOP-81OO9KQ" ignored="0" name="Functional Test" tests="2" failures="0" timestamp="2022-10-08T13:22:26 IST" time="9.475" errors="0">
  <testcase name="@BeforeClass Setup" time="9.322" classname="PomWithPageFactoryPractice.RegistrationTest">
    <failure type="org.openqa.selenium.SessionNotCreatedException" message="session not created: This version of ChromeDriver only supports Chrome version 104
Current browser version is 106.0.5249.103 with binary path C:\Program Files\Google\Chrome\Application\chrome.exe
Build info: version: &amp;apos;3.141.59&amp;apos;, revision: &amp;apos;e82be7d358&amp;apos;, time: &amp;apos;2018-11-14T08:17:03&amp;apos;
System info: host: &amp;apos;DESKTOP-81OO9KQ&amp;apos;, ip: &amp;apos;192.168.0.105&amp;apos;, os.name: &amp;apos;Windows 10&amp;apos;, os.arch: &amp;apos;amd64&amp;apos;, os.version: &amp;apos;10.0&amp;apos;, java.version: &amp;apos;1.8.0_333&amp;apos;
Driver info: driver.version: ChromeDriver
remote stacktrace: Backtrace:
	Ordinal0 [0x011878B3+2193587]
	Ordinal0 [0x01120681+1771137]
	Ordinal0 [0x010341A8+803240]
	Ordinal0 [0x01055CC3+941251]
	Ordinal0 [0x010513EF+922607]
	Ordinal0 [0x0104EBC1+912321]
	Ordinal0 [0x010823B0+1123248]
	Ordinal0 [0x0108200A+1122314]
	Ordinal0 [0x0107D5C6+1103302]
	Ordinal0 [0x010577E0+948192]
	Ordinal0 [0x010586E6+952038]
	GetHandleVerifier [0x01430CB2+2738370]
	GetHandleVerifier [0x014221B8+2678216]
	GetHandleVerifier [0x012117AA+512954]
	GetHandleVerifier [0x01210856+509030]
	Ordinal0 [0x0112743B+1799227]
	Ordinal0 [0x0112BB68+1817448]
	Ordinal0 [0x0112BC55+1817685]
	Ordinal0 [0x01135230+1856048]
	BaseThreadInitThunk [0x75EA0179+25]
	RtlGetAppContainerNamedObjectPath [0x77C9662D+237]
	RtlGetAppContainerNamedObjectPath [0x77C965FD+189]
">
      <![CDATA[org.openqa.selenium.SessionNotCreatedException: session not created: This version of ChromeDriver only supports Chrome version 104
Current browser version is 106.0.5249.103 with binary path C:\Program Files\Google\Chrome\Application\chrome.exe
Build info: version: '3.141.59', revision: 'e82be7d358', time: '2018-11-14T08:17:03'
System info: host: 'DESKTOP-81OO9KQ', ip: '192.168.0.105', os.name: 'Windows 10', os.arch: 'amd64', os.version: '10.0', java.version: '1.8.0_333'
Driver info: driver.version: ChromeDriver
remote stacktrace: Backtrace:
Ordinal0 [0x011878B3+2193587]
Ordinal0 [0x01120681+1771137]
Ordinal0 [0x010341A8+803240]
Ordinal0 [0x01055CC3+941251]
Ordinal0 [0x010513EF+922607]
Ordinal0 [0x0104EBC1+912321]
Ordinal0 [0x010823B0+1123248]
Ordinal0 [0x0108200A+1122314]
Ordinal0 [0x0107D5C6+1103302]
Ordinal0 [0x010577E0+948192]
Ordinal0 [0x010586E6+952038]
GetHandleVerifier [0x01430CB2+2738370]
GetHandleVerifier [0x014221B8+2678216]
GetHandleVerifier [0x012117AA+512954]
GetHandleVerifier [0x01210856+509030]
Ordinal0 [0x0112743B+1799227]
Ordinal0 [0x0112BB68+1817448]
Ordinal0 [0x0112BC55+1817685]
Ordinal0 [0x01135230+1856048]
BaseThreadInitThunk [0x75EA0179+25]
RtlGetAppContainerNamedObjectPath [0x77C9662D+237]
RtlGetAppContainerNamedObjectPath [0x77C965FD+189]

at org.openqa.selenium.remote.W3CHandshakeResponse.lambda$errorHandler$0(W3CHandshakeResponse.java:62)
at org.openqa.selenium.remote.HandshakeResponse.lambda$getResponseFunction$0(HandshakeResponse.java:30)
at org.openqa.selenium.remote.ProtocolHandshake.lambda$createSession$0(ProtocolHandshake.java:126)
at java.util.stream.ReferencePipeline$3$1.accept(Unknown Source)
at java.util.Spliterators$ArraySpliterator.tryAdvance(Unknown Source)
at java.util.stream.ReferencePipeline.forEachWithCancel(Unknown Source)
at java.util.stream.AbstractPipeline.copyIntoWithCancel(Unknown Source)
at java.util.stream.AbstractPipeline.copyInto(Unknown Source)
at java.util.stream.AbstractPipeline.wrapAndCopyInto(Unknown Source)
at java.util.stream.FindOps$FindOp.evaluateSequential(Unknown Source)
at java.util.stream.AbstractPipeline.evaluate(Unknown Source)
at java.util.stream.ReferencePipeline.findFirst(Unknown Source)
at org.openqa.selenium.remote.ProtocolHandshake.createSession(ProtocolHandshake.java:128)
at org.openqa.selenium.remote.ProtocolHandshake.createSession(ProtocolHandshake.java:74)
at org.openqa.selenium.remote.HttpCommandExecutor.execute(HttpCommandExecutor.java:136)
at org.openqa.selenium.remote.service.DriverCommandExecutor.execute(DriverCommandExecutor.java:83)
at org.openqa.selenium.remote.RemoteWebDriver.execute(RemoteWebDriver.java:552)
at org.openqa.selenium.remote.RemoteWebDriver.startSession(RemoteWebDriver.java:213)
at org.openqa.selenium.remote.RemoteWebDriver.<init>(RemoteWebDriver.java:131)
at org.openqa.selenium.chrome.ChromeDriver.<init>(ChromeDriver.java:181)
at org.openqa.selenium.chrome.ChromeDriver.<init>(ChromeDriver.java:168)
at org.openqa.selenium.chrome.ChromeDriver.<init>(ChromeDriver.java:123)
at PomWithPageFactoryPractice.RegistrationTest.Setup(RegistrationTest.java:19)
at java.util.ArrayList.forEach(Unknown Source)
... Removed 29 stack frames]]>
    </failure>
  </testcase> <!-- @BeforeClass Setup -->
  <testcase name="@AfterClass teardown" time="-1.665215546788E9" classname="PomWithPageFactoryPractice.RegistrationTest">
    <skipped/>
  </testcase> <!-- @AfterClass teardown -->
  <testcase name="@BeforeClass setup" time="0.012" classname="PomWithPageFactoryPractice.LoginTest">
    <failure type="java.lang.IllegalStateException" message="The driver executable does not exist: C:\Users\DELL\Desktop\Selenium All Jars\chromedriver_win32 (104)\chromedriver.exe">
      <![CDATA[java.lang.IllegalStateException: The driver executable does not exist: C:\Users\DELL\Desktop\Selenium All Jars\chromedriver_win32 (104)\chromedriver.exe
at com.google.common.base.Preconditions.checkState(Preconditions.java:585)
at org.openqa.selenium.remote.service.DriverService.checkExecutable(DriverService.java:146)
at org.openqa.selenium.remote.service.DriverService.findExecutable(DriverService.java:141)
at org.openqa.selenium.chrome.ChromeDriverService.access$000(ChromeDriverService.java:35)
at org.openqa.selenium.chrome.ChromeDriverService$Builder.findDefaultExecutable(ChromeDriverService.java:159)
at org.openqa.selenium.remote.service.DriverService$Builder.build(DriverService.java:355)
at org.openqa.selenium.chrome.ChromeDriverService.createDefaultService(ChromeDriverService.java:94)
at org.openqa.selenium.chrome.ChromeDriver.<init>(ChromeDriver.java:123)
at PomWithPageFactoryPractice.LoginTest.setup(LoginTest.java:18)
at java.util.ArrayList.forEach(Unknown Source)
... Removed 25 stack frames]]>
    </failure>
  </testcase> <!-- @BeforeClass setup -->
  <testcase name="@AfterClass teardown" time="-1.665215546825E9" classname="PomWithPageFactoryPractice.LoginTest">
    <skipped/>
  </testcase> <!-- @AfterClass teardown -->
  <testcase name="FacebookRegistrationPageTest_Positive" time="0.0" classname="PomWithPageFactoryPractice.RegistrationTest">
    <skipped/>
  </testcase> <!-- FacebookRegistrationPageTest_Positive -->
  <testcase name="FacebookLoginPageTest" time="0.0" classname="PomWithPageFactoryPractice.LoginTest">
    <skipped/>
  </testcase> <!-- FacebookLoginPageTest -->
</testsuite> <!-- Functional Test -->
