<?xml version="1.0" encoding="UTF-8"?>
<!-- Generated by org.testng.reporters.JUnitXMLReporter -->
<testsuite hostname="DESKTOP-81OO9KQ" ignored="0" name="Default test" tests="1" failures="0" timestamp="2022-10-01T07:06:54 IST" time="24.546" errors="0">
  <testcase name="@BeforeClass Setup" time="24.359" classname="PomWithPageFactoryPractice.RegistrationTest">
    <failure type="org.openqa.selenium.SessionNotCreatedException" message="session not created: This version of ChromeDriver only supports Chrome version 104
Current browser version is 106.0.5249.61 with binary path C:\Program Files\Google\Chrome\Application\chrome.exe
Build info: version: &amp;apos;3.141.59&amp;apos;, revision: &amp;apos;e82be7d358&amp;apos;, time: &amp;apos;2018-11-14T08:17:03&amp;apos;
System info: host: &amp;apos;DESKTOP-81OO9KQ&amp;apos;, ip: &amp;apos;192.168.0.105&amp;apos;, os.name: &amp;apos;Windows 10&amp;apos;, os.arch: &amp;apos;amd64&amp;apos;, os.version: &amp;apos;10.0&amp;apos;, java.version: &amp;apos;1.8.0_333&amp;apos;
Driver info: driver.version: ChromeDriver
remote stacktrace: Backtrace:
	Ordinal0 [0x00E878B3+2193587]
	Ordinal0 [0x00E20681+1771137]
	Ordinal0 [0x00D341A8+803240]
	Ordinal0 [0x00D55CC3+941251]
	Ordinal0 [0x00D513EF+922607]
	Ordinal0 [0x00D4EBC1+912321]
	Ordinal0 [0x00D823B0+1123248]
	Ordinal0 [0x00D8200A+1122314]
	Ordinal0 [0x00D7D5C6+1103302]
	Ordinal0 [0x00D577E0+948192]
	Ordinal0 [0x00D586E6+952038]
	GetHandleVerifier [0x01130CB2+2738370]
	GetHandleVerifier [0x011221B8+2678216]
	GetHandleVerifier [0x00F117AA+512954]
	GetHandleVerifier [0x00F10856+509030]
	Ordinal0 [0x00E2743B+1799227]
	Ordinal0 [0x00E2BB68+1817448]
	Ordinal0 [0x00E2BC55+1817685]
	Ordinal0 [0x00E35230+1856048]
	BaseThreadInitThunk [0x75EA0179+25]
	RtlGetAppContainerNamedObjectPath [0x77C9662D+237]
	RtlGetAppContainerNamedObjectPath [0x77C965FD+189]
">
      <![CDATA[org.openqa.selenium.SessionNotCreatedException: session not created: This version of ChromeDriver only supports Chrome version 104
Current browser version is 106.0.5249.61 with binary path C:\Program Files\Google\Chrome\Application\chrome.exe
Build info: version: '3.141.59', revision: 'e82be7d358', time: '2018-11-14T08:17:03'
System info: host: 'DESKTOP-81OO9KQ', ip: '192.168.0.105', os.name: 'Windows 10', os.arch: 'amd64', os.version: '10.0', java.version: '1.8.0_333'
Driver info: driver.version: ChromeDriver
remote stacktrace: Backtrace:
Ordinal0 [0x00E878B3+2193587]
Ordinal0 [0x00E20681+1771137]
Ordinal0 [0x00D341A8+803240]
Ordinal0 [0x00D55CC3+941251]
Ordinal0 [0x00D513EF+922607]
Ordinal0 [0x00D4EBC1+912321]
Ordinal0 [0x00D823B0+1123248]
Ordinal0 [0x00D8200A+1122314]
Ordinal0 [0x00D7D5C6+1103302]
Ordinal0 [0x00D577E0+948192]
Ordinal0 [0x00D586E6+952038]
GetHandleVerifier [0x01130CB2+2738370]
GetHandleVerifier [0x011221B8+2678216]
GetHandleVerifier [0x00F117AA+512954]
GetHandleVerifier [0x00F10856+509030]
Ordinal0 [0x00E2743B+1799227]
Ordinal0 [0x00E2BB68+1817448]
Ordinal0 [0x00E2BC55+1817685]
Ordinal0 [0x00E35230+1856048]
BaseThreadInitThunk [0x75EA0179+25]
RtlGetAppContainerNamedObjectPath [0x77C9662D+237]
RtlGetAppContainerNamedObjectPath [0x77C965FD+189]

at sun.reflect.NativeConstructorAccessorImpl.newInstance0(Native Method)
at sun.reflect.NativeConstructorAccessorImpl.newInstance(Unknown Source)
at sun.reflect.DelegatingConstructorAccessorImpl.newInstance(Unknown Source)
at java.lang.reflect.Constructor.newInstance(Unknown Source)
at org.openqa.selenium.remote.W3CHandshakeResponse.lambda$errorHandler$0(W3CHandshakeResponse.java:62)
at org.openqa.selenium.remote.HandshakeResponse.lambda$getResponseFunction$0(HandshakeResponse.java:30)
at org.openqa.selenium.remote.ProtocolHandshake.lambda$createSession$0(ProtocolHandshake.java:126)
at java.util.stream.ReferencePipeline$3$1.accept(Unknown Source)
at java.util.Spliterators$ArraySpliterator.tryAdvance(Unknown Source)
at java.util.stream.ReferencePipeline.forEachWithCancel(Unknown Source)
at java.util.stream.AbstractPipeline.copyIntoWithCancel(Unknown Source)
at java.util.stream.AbstractPipeline.copyInto(Unknown Source)
at java.util.stream.AbstractPipeline.wrapAndCopyInto(Unknown Source)
at java.util.stream.FindOps$FindOp.evaluateSequential(Unknown Source)
at java.util.stream.AbstractPipeline.evaluate(Unknown Source)
at java.util.stream.ReferencePipeline.findFirst(Unknown Source)
at org.openqa.selenium.remote.ProtocolHandshake.createSession(ProtocolHandshake.java:128)
at org.openqa.selenium.remote.ProtocolHandshake.createSession(ProtocolHandshake.java:74)
at org.openqa.selenium.remote.HttpCommandExecutor.execute(HttpCommandExecutor.java:136)
at org.openqa.selenium.remote.service.DriverCommandExecutor.execute(DriverCommandExecutor.java:83)
at org.openqa.selenium.remote.RemoteWebDriver.execute(RemoteWebDriver.java:552)
at org.openqa.selenium.remote.RemoteWebDriver.startSession(RemoteWebDriver.java:213)
at org.openqa.selenium.remote.RemoteWebDriver.<init>(RemoteWebDriver.java:131)
at org.openqa.selenium.chrome.ChromeDriver.<init>(ChromeDriver.java:181)
at org.openqa.selenium.chrome.ChromeDriver.<init>(ChromeDriver.java:168)
at org.openqa.selenium.chrome.ChromeDriver.<init>(ChromeDriver.java:123)
at PomWithPageFactoryPractice.RegistrationTest.Setup(RegistrationTest.java:19)
at sun.reflect.NativeMethodAccessorImpl.invoke0(Native Method)
at sun.reflect.NativeMethodAccessorImpl.invoke(Unknown Source)
at sun.reflect.DelegatingMethodAccessorImpl.invoke(Unknown Source)
at java.lang.reflect.Method.invoke(Unknown Source)
at org.testng.internal.MethodInvocationHelper.invokeMethod(MethodInvocationHelper.java:133)
at org.testng.internal.MethodInvocationHelper.invokeMethodConsideringTimeout(MethodInvocationHelper.java:62)
at org.testng.internal.ConfigInvoker.invokeConfigurationMethod(ConfigInvoker.java:385)
at org.testng.internal.ConfigInvoker.invokeConfigurations(ConfigInvoker.java:321)
at org.testng.internal.TestMethodWorker.invokeBeforeClassMethods(TestMethodWorker.java:176)
at org.testng.internal.TestMethodWorker.run(TestMethodWorker.java:122)
at java.util.ArrayList.forEach(Unknown Source)
at org.testng.TestRunner.privateRun(TestRunner.java:794)
at org.testng.TestRunner.run(TestRunner.java:596)
at org.testng.SuiteRunner.runTest(SuiteRunner.java:377)
at org.testng.SuiteRunner.runSequentially(SuiteRunner.java:371)
at org.testng.SuiteRunner.privateRun(SuiteRunner.java:332)
at org.testng.SuiteRunner.run(SuiteRunner.java:276)
at org.testng.SuiteRunnerWorker.runSuite(SuiteRunnerWorker.java:53)
at org.testng.SuiteRunnerWorker.run(SuiteRunnerWorker.java:96)
at org.testng.TestNG.runSuitesSequentially(TestNG.java:1212)
at org.testng.TestNG.runSuitesLocally(TestNG.java:1134)
at org.testng.TestNG.runSuites(TestNG.java:1063)
at org.testng.TestNG.run(TestNG.java:1031)
at org.testng.remote.AbstractRemoteTestNG.run(AbstractRemoteTestNG.java:115)
at org.testng.remote.RemoteTestNG.initAndRun(RemoteTestNG.java:251)
at org.testng.remote.RemoteTestNG.main(RemoteTestNG.java:77)
]]>
    </failure>
  </testcase> <!-- @BeforeClass Setup -->
  <testcase name="@AfterClass teardown" time="-1.664588214661E9" classname="PomWithPageFactoryPractice.RegistrationTest">
    <skipped/>
  </testcase> <!-- @AfterClass teardown -->
  <testcase name="FacebookRegistrationPageTest_Positive" time="0.0" classname="PomWithPageFactoryPractice.RegistrationTest">
    <skipped/>
  </testcase> <!-- FacebookRegistrationPageTest_Positive -->
</testsuite> <!-- Default test -->
